<?xml version="1.0" encoding="UTF-8"?>
<testng-results ignored="0" total="2" passed="2" failed="0" skipped="0">
  <reporter-output>
  </reporter-output>
  <suite started-at="2024-05-17T19:10:34 IST" name="Default suite" finished-at="2024-05-17T19:11:01 IST" duration-ms="26986">
    <groups>
    </groups>
    <test started-at="2024-05-17T19:10:34 IST" name="Default test" finished-at="2024-05-17T19:11:01 IST" duration-ms="26986">
      <class name="com.RadioButtonsTesting.Practice">
        <test-method is-config="true" signature="setUp()[pri:0, instance:com.RadioButtonsTesting.Practice@402c4085]" started-at="2024-05-17T19:10:34 IST" name="setUp" finished-at="2024-05-17T19:10:43 IST" duration-ms="9552" status="PASS">
          <reporter-output>
          </reporter-output>
        </test-method> <!-- setUp -->
        <test-method signature="test()[pri:0, instance:com.RadioButtonsTesting.Practice@402c4085]" started-at="2024-05-17T19:10:44 IST" name="test" finished-at="2024-05-17T19:10:44 IST" duration-ms="28" status="PASS">
          <reporter-output>
          </reporter-output>
        </test-method> <!-- test -->
        <test-method signature="main()[pri:0, instance:com.RadioButtonsTesting.Practice@402c4085]" started-at="2024-05-17T19:10:44 IST" name="main" finished-at="2024-05-17T19:11:00 IST" duration-ms="16282" status="PASS">
          <reporter-output>
          </reporter-output>
        </test-method> <!-- main -->
        <test-method is-config="true" signature="teardown()[pri:0, instance:com.RadioButtonsTesting.Practice@402c4085]" started-at="2024-05-17T19:11:00 IST" name="teardown" finished-at="2024-05-17T19:11:01 IST" duration-ms="908" status="PASS">
          <reporter-output>
          </reporter-output>
        </test-method> <!-- teardown -->
      </class> <!-- com.RadioButtonsTesting.Practice -->
    </test> <!-- Default test -->
  </suite> <!-- Default suite -->
</testng-results>
