<?xml version="1.0" encoding="UTF-8"?>
<!-- Generated by org.testng.reporters.JUnitXMLReporter -->
<testsuite ignored="0" hostname="DESKTOP-CE9JQAE" failures="0" tests="7" name="Default test" time="35.128" errors="0" timestamp="2024-03-09T17:06:49 IST">
  <testcase classname="com.OrangeHRMApplicationTestCases.LogInTest" name="logInPageTest" time="1.037"/>
  <testcase classname="com.OrangeHRMApplicationTestCases.LogInTest" name="logInTest" time="1.999"/>
  <testcase classname="com.OrangeHRMApplicationTestCases.LogInTest" name="homePageTest" time="0.078"/>
  <testcase classname="com.OrangeHRMApplicationTestCases.EmployeeList" name="pimTest" time="0.273"/>
  <testcase classname="com.OrangeHRMApplicationTestCases.EmployeeList" name="orangeHRM_Print_EmployeeList" time="26.179"/>
  <testcase classname="com.OrangeHRMApplicationTestCases.LogInTest" name="logOutTest" time="1.783"/>
  <testcase classname="com.OrangeHRMApplicationTestCases.LogInTest" name="logInPageTestAfterLogOut" time="0.191"/>
</testsuite> <!-- Default test -->
