<?xml version="1.0" encoding="UTF-8"?>
<!-- Generated by org.testng.reporters.JUnitXMLReporter -->
<testsuite ignored="0" hostname="DESKTOP-CE9JQAE" failures="0" tests="11" name="AddEmployeeTest" time="39.167" errors="0" timestamp="2024-02-14T20:11:26 IST">
  <testcase classname="com.OrangeHRMApplication.AddEmployeeTest" name="logInPageTest" time="2.529"/>
  <testcase classname="com.OrangeHRMApplication.AddEmployeeTest" name="logInTest" time="4.198"/>
  <testcase classname="com.OrangeHRMApplication.AddEmployeeTest" name="homePageTest" time="0.066"/>
  <testcase classname="com.OrangeHRMApplication.AddEmployeeTest" name="pimTest" time="0.473"/>
  <testcase classname="com.OrangeHRMApplication.AddEmployeeTest" name="pimAddEmployeeTest" time="1.333"/>
  <testcase classname="com.OrangeHRMApplication.AddEmployeeTest" name="AddEmployeeWebPageTest" time="0.092"/>
  <testcase classname="com.OrangeHRMApplication.AddEmployeeTest" name="AddEmployeeTest" time="18.917"/>
  <testcase classname="com.OrangeHRMApplication.AddEmployeeTest" name="personalDetailsWebPageTest" time="0.197"/>
  <testcase classname="com.OrangeHRMApplication.AddEmployeeTest" name="personalDetailsTest" time="0.379"/>
  <testcase classname="com.OrangeHRMApplication.AddEmployeeTest" name="logOutTest" time="2.82"/>
  <testcase classname="com.OrangeHRMApplication.AddEmployeeTest" name="logInPageTestAfterLogOut" time="0.446"/>
</testsuite> <!-- AddEmployeeTest -->
