<?xml version="1.0" encoding="UTF-8"?>
<!-- Generated by org.testng.reporters.JUnitXMLReporter -->
<testsuite ignored="0" hostname="DESKTOP-CE9JQAE" failures="0" tests="7" name="AddEmployeeTest" time="1.783" errors="0" timestamp="2024-05-16T11:19:26 IST">
  <testcase classname="com.OrangeHRMApplicationTestCases.AddEmployeeTest" name="logInPageTest" time="0.0">
    <skipped/>
  </testcase> <!-- logInPageTest -->
  <testcase classname="com.OrangeHRMApplicationTestCases.AddEmployeeTest" name="logInTest" time="0.001">
    <skipped/>
  </testcase> <!-- logInTest -->
  <testcase classname="com.OrangeHRMApplicationTestCases.AddEmployeeTest" name="homePageTest" time="0.0">
    <skipped/>
  </testcase> <!-- homePageTest -->
  <testcase classname="com.OrangeHRMApplicationTestCases.AddEmployeeTest" name="pimPageTest" time="0.0">
    <skipped/>
  </testcase> <!-- pimPageTest -->
  <testcase classname="com.OrangeHRMApplicationTestCases.AddEmployeeTest" name="addEmployeeTest" time="0.0">
    <skipped/>
  </testcase> <!-- addEmployeeTest -->
  <testcase classname="com.OrangeHRMApplicationTestCases.AddEmployeeTest" name="logOutTest" time="0.0">
    <skipped/>
  </testcase> <!-- logOutTest -->
  <testcase classname="com.OrangeHRMApplicationTestCases.AddEmployeeTest" name="logInPageTestAfterLogOut" time="0.001">
    <skipped/>
  </testcase> <!-- logInPageTestAfterLogOut -->
</testsuite> <!-- AddEmployeeTest -->
