<?xml version="1.0" encoding="UTF-8"?>
<!-- Generated by org.testng.reporters.JUnitXMLReporter -->
<testsuite ignored="0" hostname="DESKTOP-CE9JQAE" failures="0" tests="7" name="EmployeeList" time="1.884" errors="0" timestamp="2024-05-16T11:19:28 IST">
  <testcase classname="com.OrangeHRMApplicationTestCases.LogInTest" name="logInPageTest" time="0.0">
    <skipped/>
  </testcase> <!-- logInPageTest -->
  <testcase classname="com.OrangeHRMApplicationTestCases.LogInTest" name="logInTest" time="0.0">
    <skipped/>
  </testcase> <!-- logInTest -->
  <testcase classname="com.OrangeHRMApplicationTestCases.LogInTest" name="homePageTest" time="0.0">
    <skipped/>
  </testcase> <!-- homePageTest -->
  <testcase classname="com.OrangeHRMApplicationTestCases.EmployeeList" name="pimTest" time="0.0">
    <skipped/>
  </testcase> <!-- pimTest -->
  <testcase classname="com.OrangeHRMApplicationTestCases.EmployeeList" name="Print_EmployeeList" time="0.0">
    <skipped/>
  </testcase> <!-- Print_EmployeeList -->
  <testcase classname="com.OrangeHRMApplicationTestCases.LogInTest" name="logOutTest" time="0.0">
    <skipped/>
  </testcase> <!-- logOutTest -->
  <testcase classname="com.OrangeHRMApplicationTestCases.LogInTest" name="logInPageTestAfterLogOut" time="0.001">
    <skipped/>
  </testcase> <!-- logInPageTestAfterLogOut -->
</testsuite> <!-- EmployeeList -->
